Build started 10/14/2017 9:40:39 PM.
     1>Project "E:\CSE\software devloping\project\SHOTER\SHOTER\SHOTER.vcxproj" on node 2 (build target(s)).
     1>InitializeBuildStatus:
         Creating "Debug\SHOTER.unsuccessfulbuild" because "AlwaysCreate" was specified.
       ClCompile:
         C:\Program Files (x86)\Microsoft Visual Studio 10.0\VC\bin\CL.exe /c /ZI /nologo /W3 /WX- /Od /Oy- /D _MBCS /Gm /EHsc /RTC1 /MDd /GS /fp:precise /Zc:wchar_t /Zc:forScope /Fo"Debug\\" /Fd"Debug\vc100.pdb" /Gd /TP /analyze- /errorReport:prompt iMain.cpp
         iMain.cpp
     1>e:\cse\software devloping\project\shoter\shoter\imain.cpp(236): warning C4554: '&' : check operator precedence for possible error; use parentheses to clarify precedence
     1>e:\cse\software devloping\project\shoter\shoter\imain.cpp(436): warning C4789: destination of memory copy is too small
       Link:
         C:\Program Files (x86)\Microsoft Visual Studio 10.0\VC\bin\link.exe /ERRORREPORT:PROMPT /OUT:"E:\CSE\software devloping\project\SHOTER\Debug\SHOTER.exe" /NOLOGO kernel32.lib user32.lib gdi32.lib winspool.lib comdlg32.lib advapi32.lib shell32.lib ole32.lib oleaut32.lib uuid.lib odbc32.lib odbccp32.lib /MANIFEST /ManifestFile:"Debug\SHOTER.exe.intermediate.manifest" /MANIFESTUAC:"level='asInvoker' uiAccess='false'" /DEBUG /PDB:"E:\CSE\software devloping\project\SHOTER\Debug\SHOTER.pdb" /TLBID:1 /DYNAMICBASE /NXCOMPAT /IMPLIB:"E:\CSE\software devloping\project\SHOTER\Debug\SHOTER.lib" /MACHINE:X86 Debug\iMain.obj
         LINK : E:\CSE\software devloping\project\SHOTER\Debug\SHOTER.exe not found or not built by the last incremental link; performing full link
         SHOTER.vcxproj -> E:\CSE\software devloping\project\SHOTER\Debug\SHOTER.exe
       Manifest:
         C:\Program Files (x86)\Microsoft SDKs\Windows\v7.0A\bin\mt.exe /nologo /verbose /outputresource:"E:\CSE\software devloping\project\SHOTER\Debug\SHOTER.exe;#1" /manifest Debug\SHOTER.exe.intermediate.manifest
       FinalizeBuildStatus:
         Deleting file "Debug\SHOTER.unsuccessfulbuild".
         Touching "Debug\SHOTER.lastbuildstate".
     1>Done Building Project "E:\CSE\software devloping\project\SHOTER\SHOTER\SHOTER.vcxproj" (build target(s)).

Build succeeded.

Time Elapsed 00:00:01.31
